0 info it worked if it ends with ok
1 verbose cli [ 'node', '/usr/local/bin/npm', 'install', 'express.io' ]
2 info using npm@2.11.2
3 info using node@v0.12.5
4 verbose node symlink /usr/local/bin/node
5 verbose install initial load of /Users/Nerd/dev/firstProject/soulmecca.github.io/package.json
6 verbose stack Error: Invalid name: "tic tac toe"
6 verbose stack     at ensureValidName (/usr/local/lib/node_modules/npm/node_modules/normalize-package-data/lib/fixer.js:326:15)
6 verbose stack     at Object.module.exports.fixNameField (/usr/local/lib/node_modules/npm/node_modules/normalize-package-data/lib/fixer.js:209:5)
6 verbose stack     at /usr/local/lib/node_modules/npm/node_modules/normalize-package-data/lib/normalize.js:32:38
6 verbose stack     at Array.forEach (native)
6 verbose stack     at normalize (/usr/local/lib/node_modules/npm/node_modules/normalize-package-data/lib/normalize.js:31:15)
6 verbose stack     at final (/usr/local/lib/node_modules/npm/node_modules/read-package-json/read-json.js:338:5)
6 verbose stack     at then (/usr/local/lib/node_modules/npm/node_modules/read-package-json/read-json.js:113:5)
6 verbose stack     at /usr/local/lib/node_modules/npm/node_modules/read-package-json/read-json.js:300:12
6 verbose stack     at evalmachine.<anonymous>:334:14
6 verbose stack     at /usr/local/lib/node_modules/npm/node_modules/graceful-fs/graceful-fs.js:102:5
7 verbose cwd /Users/Nerd/dev/firstProject/soulmecca.github.io
8 error Darwin 14.3.0
9 error argv "node" "/usr/local/bin/npm" "install" "express.io"
10 error node v0.12.5
11 error npm  v2.11.2
12 error Invalid name: "tic tac toe"
13 error If you need help, you may report this error at:
13 error     <https://github.com/npm/npm/issues>
14 verbose exit [ 1, true ]
